{
  "Cucumber Features": {
    "coverage": {
      "/Users/anderspedersen/Documents/2_Education/2_Computer Science/9_Software Engineering - UC Berkeley/module_5/hw-acceptance-unit-test-cycle/rottenpotatoes/app/models/movie.rb": {
        "lines": [
          1,
          1,
          13,
          null,
          null,
          1,
          1,
          null,
          1,
          1,
          null,
          null
        ]
      },
      "/Users/anderspedersen/Documents/2_Education/2_Computer Science/9_Software Engineering - UC Berkeley/module_5/hw-acceptance-unit-test-cycle/rottenpotatoes/app/controllers/movies_controller.rb": {
        "lines": [
          1,
          null,
          1,
          1,
          null,
          null,
          1,
          3,
          3,
          null,
          null,
          null,
          null,
          1,
          2,
          2,
          2,
          1,
          1,
          null,
          1,
          1,
          null,
          null,
          null,
          1,
          13,
          13,
          null,
          2,
          null,
          2,
          null,
          13,
          13,
          null,
          13,
          30,
          null,
          null,
          13,
          4,
          4,
          4,
          null,
          9,
          null,
          null,
          1,
          null,
          null,
          null,
          1,
          0,
          0,
          0,
          null,
          null,
          1,
          1,
          null,
          null,
          1,
          1,
          1,
          1,
          1,
          null,
          null,
          1,
          0,
          0,
          0,
          0,
          null,
          null,
          null
        ]
      },
      "/Users/anderspedersen/Documents/2_Education/2_Computer Science/9_Software Engineering - UC Berkeley/module_5/hw-acceptance-unit-test-cycle/rottenpotatoes/app/controllers/application_controller.rb": {
        "lines": [
          1,
          1,
          null
        ]
      },
      "/Users/anderspedersen/Documents/2_Education/2_Computer Science/9_Software Engineering - UC Berkeley/module_5/hw-acceptance-unit-test-cycle/rottenpotatoes/app/helpers/application_helper.rb": {
        "lines": [
          1,
          null
        ]
      },
      "/Users/anderspedersen/Documents/2_Education/2_Computer Science/9_Software Engineering - UC Berkeley/module_5/hw-acceptance-unit-test-cycle/rottenpotatoes/app/helpers/movies_helper.rb": {
        "lines": [
          1,
          null,
          1,
          0,
          null,
          null
        ]
      }
    },
    "timestamp": 1590679237
  },
  "RSpec": {
    "coverage": {
      "/Users/anderspedersen/Documents/2_Education/2_Computer Science/9_Software Engineering - UC Berkeley/module_5/hw-acceptance-unit-test-cycle/rottenpotatoes/app/helpers/application_helper.rb": {
        "lines": [
          1,
          null
        ]
      },
      "/Users/anderspedersen/Documents/2_Education/2_Computer Science/9_Software Engineering - UC Berkeley/module_5/hw-acceptance-unit-test-cycle/rottenpotatoes/app/helpers/movies_helper.rb": {
        "lines": [
          1,
          null,
          1,
          0,
          null,
          null
        ]
      },
      "/Users/anderspedersen/Documents/2_Education/2_Computer Science/9_Software Engineering - UC Berkeley/module_5/hw-acceptance-unit-test-cycle/rottenpotatoes/app/controllers/movies_controller.rb": {
        "lines": [
          1,
          null,
          1,
          0,
          null,
          null,
          1,
          0,
          0,
          null,
          null,
          null,
          null,
          1,
          4,
          4,
          4,
          1,
          1,
          null,
          3,
          3,
          null,
          null,
          null,
          1,
          0,
          0,
          null,
          0,
          null,
          0,
          null,
          0,
          0,
          null,
          0,
          0,
          null,
          null,
          0,
          0,
          0,
          0,
          null,
          0,
          null,
          null,
          1,
          null,
          null,
          null,
          1,
          0,
          0,
          0,
          null,
          null,
          1,
          0,
          null,
          null,
          1,
          0,
          0,
          0,
          0,
          null,
          null,
          1,
          0,
          0,
          0,
          0,
          null,
          null,
          null
        ]
      },
      "/Users/anderspedersen/Documents/2_Education/2_Computer Science/9_Software Engineering - UC Berkeley/module_5/hw-acceptance-unit-test-cycle/rottenpotatoes/app/controllers/application_controller.rb": {
        "lines": [
          1,
          1,
          null
        ]
      },
      "/Users/anderspedersen/Documents/2_Education/2_Computer Science/9_Software Engineering - UC Berkeley/module_5/hw-acceptance-unit-test-cycle/rottenpotatoes/app/models/movie.rb": {
        "lines": [
          1,
          1,
          0,
          null,
          null,
          1,
          0,
          null,
          0,
          0,
          null,
          null
        ]
      }
    },
    "timestamp": 1590679970
  }
}
